\BOOKMARK [0][-]{chapter.1}{Introduction}{}% 1
\BOOKMARK [1][-]{section.1.1}{Importance of Randomness}{chapter.1}% 2
\BOOKMARK [2][-]{subsection.1.1.1}{Cryptography}{section.1.1}% 3
\BOOKMARK [2][-]{subsection.1.1.2}{Monte Carlo}{section.1.1}% 4
\BOOKMARK [1][-]{section.1.2}{Pseudorandomness}{chapter.1}% 5
\BOOKMARK [0][-]{chapter.2}{Sequential RNG}{}% 6
\BOOKMARK [1][-]{section.2.1}{Linear Congruential Generators}{chapter.2}% 7
\BOOKMARK [2][-]{subsection.2.1.1}{Code}{section.2.1}% 8
\BOOKMARK [1][-]{section.2.2}{Lagged-Fibonacci Generators}{chapter.2}% 9
\BOOKMARK [2][-]{subsection.2.2.1}{Code}{section.2.2}% 10
\BOOKMARK [1][-]{section.2.3}{Combined Generators}{chapter.2}% 11
\BOOKMARK [1][-]{section.2.4}{Conclusion}{chapter.2}% 12
\BOOKMARK [0][-]{chapter.3}{Parallel RNG}{}% 13
\BOOKMARK [1][-]{section.3.1}{Splitting Techniques}{chapter.3}% 14
\BOOKMARK [2][-]{subsection.3.1.1}{Sequence Splitting}{section.3.1}% 15
\BOOKMARK [2][-]{subsection.3.1.2}{Random Tree Method}{section.3.1}% 16
\BOOKMARK [2][-]{subsection.3.1.3}{Leapfrog Method}{section.3.1}% 17
\BOOKMARK [2][-]{subsection.3.1.4}{Modified Leapfrog}{section.3.1}% 18
\BOOKMARK [0][-]{chapter.4}{Compare}{}% 19
\BOOKMARK [1][-]{section.4.1}{Quality of Randomness}{chapter.4}% 20
\BOOKMARK [1][-]{section.4.2}{Results}{chapter.4}% 21
\BOOKMARK [1][-]{section.4.3}{Video Link}{chapter.4}% 22
\BOOKMARK [0][-]{appendix.A}{Testing Algorithms}{}% 23
\BOOKMARK [1][-]{section.A.1}{Blocking Algorithm}{appendix.A}% 24
